<?xml version="1.0" encoding="UTF-8"?>
<robot generator="Robot 3.2.2 (Python 3.8.5 on win32)" generated="20200914 09:43:27.708" rpa="false">
<suite id="s1" name="E2E" source="C:\Users\MEUCOMPUTADOR\Desktop\ProjetosMarlim-Novo\RabbitMQcrip3\E2E">
<suite id="s1-s1" name="Marlin-E2E" source="C:\Users\MEUCOMPUTADOR\Desktop\ProjetosMarlim-Novo\RabbitMQcrip3\E2E\marlin-e2e.robot">
<kw name="Abrir a aplicacao" type="setup">
<msg timestamp="20200914 09:43:28.957" level="TRACE">Arguments: [  ]</msg>
<kw name="Open Browser" library="SeleniumLibrary">
<doc>Opens a new browser instance to the optional ``url``.</doc>
<arguments>
<arg>https://prjqualivida.mxmwebmanager.com.br/Default.aspx?grupo=qualividaproj</arg>
<arg>chrome</arg>
</arguments>
<msg timestamp="20200914 09:43:28.957" level="TRACE">Arguments: [ 'https://prjqualivida.mxmwebmanager.com.br/Default.aspx?grupo=qualividaproj' | 'chrome' ]</msg>
<msg timestamp="20200914 09:43:28.957" level="INFO">Opening browser 'chrome' to base url 'https://prjqualivida.mxmwebmanager.com.br/Default.aspx?grupo=qualividaproj'.</msg>
<msg timestamp="20200914 09:43:32.220" level="DEBUG">POST http://127.0.0.1:59586/session {"capabilities": {"firstMatch": [{}], "alwaysMatch": {"browserName": "chrome", "platformName": "any", "goog:chromeOptions": {"extensions": [], "args": []}}}, "desiredCapabilities": {"browserName": "chrome", "version": "", "platform": "ANY", "goog:chromeOptions": {"extensions": [], "args": []}}}</msg>
<msg timestamp="20200914 09:43:32.221" level="DEBUG">Starting new HTTP connection (1): 127.0.0.1:59586</msg>
<msg timestamp="20200914 09:43:35.445" level="DEBUG">http://127.0.0.1:59586 "POST /session HTTP/1.1" 200 720</msg>
<msg timestamp="20200914 09:43:35.446" level="DEBUG">Finished Request</msg>
<msg timestamp="20200914 09:43:35.446" level="DEBUG">POST http://127.0.0.1:59586/session/5bd15b30bab2bffa912fb8d944b9e03e/timeouts {"script": 5000}</msg>
<msg timestamp="20200914 09:43:35.450" level="DEBUG">http://127.0.0.1:59586 "POST /session/5bd15b30bab2bffa912fb8d944b9e03e/timeouts HTTP/1.1" 200 14</msg>
<msg timestamp="20200914 09:43:35.451" level="DEBUG">Finished Request</msg>
<msg timestamp="20200914 09:43:35.451" level="DEBUG">POST http://127.0.0.1:59586/session/5bd15b30bab2bffa912fb8d944b9e03e/timeouts {"implicit": 0}</msg>
<msg timestamp="20200914 09:43:35.454" level="DEBUG">http://127.0.0.1:59586 "POST /session/5bd15b30bab2bffa912fb8d944b9e03e/timeouts HTTP/1.1" 200 14</msg>
<msg timestamp="20200914 09:43:35.455" level="DEBUG">Finished Request</msg>
<msg timestamp="20200914 09:43:35.455" level="DEBUG">POST http://127.0.0.1:59586/session/5bd15b30bab2bffa912fb8d944b9e03e/url {"url": "https://prjqualivida.mxmwebmanager.com.br/Default.aspx?grupo=qualividaproj"}</msg>
<msg timestamp="20200914 09:44:01.184" level="DEBUG">Opened browser with session id 5bd15b30bab2bffa912fb8d944b9e03e but failed to open url 'https://prjqualivida.mxmwebmanager.com.br/Default.aspx?grupo=qualividaproj'.</msg>
<kw name="Capture Page Screenshot" library="SeleniumLibrary">
<doc>Takes a screenshot of the current page and embeds it into a log file.</doc>
<msg timestamp="20200914 09:44:01.184" level="TRACE">Arguments: [  ]</msg>
<status status="FAIL" starttime="20200914 09:44:01.184" endtime="20200914 09:44:01.184"></status>
</kw>
<msg timestamp="20200914 09:44:01.184" level="WARN">Keyword 'Capture Page Screenshot' could not be run on failure: Execution terminated by signal</msg>
<status status="FAIL" starttime="20200914 09:43:28.957" endtime="20200914 09:44:01.186"></status>
</kw>
<status status="FAIL" starttime="20200914 09:43:28.956" endtime="20200914 09:44:01.186"></status>
</kw>
<test id="s1-s1-t1" name="Logando no sistema">
<tags>
<tag>robot:exit</tag>
</tags>
<status status="FAIL" starttime="20200914 09:44:01.186" endtime="20200914 09:44:01.187" critical="yes">Test execution stopped due to a fatal error.</status>
</test>
<test id="s1-s1-t2" name="Acessando formulario de cadastro">
<tags>
<tag>robot:exit</tag>
</tags>
<status status="FAIL" starttime="20200914 09:44:01.189" endtime="20200914 09:44:01.190" critical="yes">Test execution stopped due to a fatal error.</status>
</test>
<test id="s1-s1-t3" name="Preenchendo formulario">
<tags>
<tag>robot:exit</tag>
</tags>
<status status="FAIL" starttime="20200914 09:44:01.192" endtime="20200914 09:44:01.193" critical="yes">Test execution stopped due to a fatal error.</status>
</test>
<kw name="Fechar todos os Browsers" type="teardown">
<msg timestamp="20200914 09:44:01.195" level="TRACE">Arguments: [  ]</msg>
<kw name="Close All Browsers" library="SeleniumLibrary">
<doc>Closes all open browsers and resets the browser cache.</doc>
<msg timestamp="20200914 09:44:01.195" level="TRACE">Arguments: [  ]</msg>
<msg timestamp="20200914 09:44:01.196" level="DEBUG">Closing all browsers.</msg>
<msg timestamp="20200914 09:44:01.196" level="DEBUG">DELETE http://127.0.0.1:59586/session/5bd15b30bab2bffa912fb8d944b9e03e {}</msg>
<msg timestamp="20200914 09:44:01.196" level="DEBUG">Starting new HTTP connection (2): 127.0.0.1:59586</msg>
<errors>
<msg timestamp="20200914 09:44:01.184" level="WARN">Keyword 'Capture Page Screenshot' could not be run on failure: Execution terminated by signal</msg>
<msg timestamp="20200914 09:44:07.333" level="ERROR">Execution stopped by user.</msg>
</errors>
</robot>
